[2017-04-30T11:40:18,555][INFO ][o.e.n.Node               ] [] initializing ...
[2017-04-30T11:40:18,849][INFO ][o.e.e.NodeEnvironment    ] [xDCN9v1] using [1] data paths, mounts [[/ (/dev/sda6)]], net usable_space [35.8gb], net total_space [87.8gb], spins? [possibly], types [ext4]
[2017-04-30T11:40:18,850][INFO ][o.e.e.NodeEnvironment    ] [xDCN9v1] heap size [1.9gb], compressed ordinary object pointers [true]
[2017-04-30T11:40:18,853][INFO ][o.e.n.Node               ] node name [xDCN9v1] derived from node ID [xDCN9v1JQii37WaxeMDrhA]; set [node.name] to override
[2017-04-30T11:40:18,886][INFO ][o.e.n.Node               ] version[5.1.1], pid[11009], build[5395e21/2016-12-06T12:36:15.409Z], OS[Linux/4.4.0-75-generic/amd64], JVM[Oracle Corporation/OpenJDK 64-Bit Server VM/1.8.0_121/25.121-b13]
[2017-04-30T11:40:20,093][INFO ][o.e.p.PluginsService     ] [xDCN9v1] loaded module [aggs-matrix-stats]
[2017-04-30T11:40:20,093][INFO ][o.e.p.PluginsService     ] [xDCN9v1] loaded module [ingest-common]
[2017-04-30T11:40:20,093][INFO ][o.e.p.PluginsService     ] [xDCN9v1] loaded module [lang-expression]
[2017-04-30T11:40:20,093][INFO ][o.e.p.PluginsService     ] [xDCN9v1] loaded module [lang-groovy]
[2017-04-30T11:40:20,093][INFO ][o.e.p.PluginsService     ] [xDCN9v1] loaded module [lang-mustache]
[2017-04-30T11:40:20,094][INFO ][o.e.p.PluginsService     ] [xDCN9v1] loaded module [lang-painless]
[2017-04-30T11:40:20,094][INFO ][o.e.p.PluginsService     ] [xDCN9v1] loaded module [percolator]
[2017-04-30T11:40:20,094][INFO ][o.e.p.PluginsService     ] [xDCN9v1] loaded module [reindex]
[2017-04-30T11:40:20,094][INFO ][o.e.p.PluginsService     ] [xDCN9v1] loaded module [transport-netty3]
[2017-04-30T11:40:20,094][INFO ][o.e.p.PluginsService     ] [xDCN9v1] loaded module [transport-netty4]
[2017-04-30T11:40:20,095][INFO ][o.e.p.PluginsService     ] [xDCN9v1] no plugins loaded
[2017-04-30T11:40:22,821][INFO ][o.e.n.Node               ] initialized
[2017-04-30T11:40:22,822][INFO ][o.e.n.Node               ] [xDCN9v1] starting ...
[2017-04-30T11:40:23,062][INFO ][o.e.t.TransportService   ] [xDCN9v1] publish_address {127.0.0.1:9300}, bound_addresses {[::1]:9300}, {127.0.0.1:9300}
[2017-04-30T11:40:23,074][WARN ][o.e.b.BootstrapCheck     ] [xDCN9v1] max virtual memory areas vm.max_map_count [65530] is too low, increase to at least [262144]
[2017-04-30T11:40:26,204][INFO ][o.e.c.s.ClusterService   ] [xDCN9v1] new_master {xDCN9v1}{xDCN9v1JQii37WaxeMDrhA}{rNj-UZIAQiKAfb5QaWoesg}{127.0.0.1}{127.0.0.1:9300}, reason: zen-disco-elected-as-master ([0] nodes joined)
[2017-04-30T11:40:26,244][INFO ][o.e.h.HttpServer         ] [xDCN9v1] publish_address {127.0.0.1:9200}, bound_addresses {[::1]:9200}, {127.0.0.1:9200}
[2017-04-30T11:40:26,245][INFO ][o.e.n.Node               ] [xDCN9v1] started
[2017-04-30T11:40:26,322][INFO ][o.e.g.GatewayService     ] [xDCN9v1] recovered [0] indices into cluster_state
[2017-04-30T11:44:00,273][INFO ][o.e.n.Node               ] [] initializing ...
[2017-04-30T11:44:00,348][ERROR][o.e.b.Bootstrap          ] Exception
java.lang.IllegalStateException: failed to obtain node locks, tried [[/home/moorthy/Documents/Files/coursematch/elasticsearch-5.1.1/data/elasticsearch]] with lock id [0]; maybe these locations are not writable or multiple nodes were started without increasing [node.max_local_storage_nodes] (was [1])?
	at org.elasticsearch.env.NodeEnvironment.<init>(NodeEnvironment.java:259) ~[elasticsearch-5.1.1.jar:5.1.1]
	at org.elasticsearch.node.Node.<init>(Node.java:249) ~[elasticsearch-5.1.1.jar:5.1.1]
	at org.elasticsearch.node.Node.<init>(Node.java:229) ~[elasticsearch-5.1.1.jar:5.1.1]
	at org.elasticsearch.bootstrap.Bootstrap$6.<init>(Bootstrap.java:214) ~[elasticsearch-5.1.1.jar:5.1.1]
	at org.elasticsearch.bootstrap.Bootstrap.setup(Bootstrap.java:214) ~[elasticsearch-5.1.1.jar:5.1.1]
	at org.elasticsearch.bootstrap.Bootstrap.init(Bootstrap.java:306) [elasticsearch-5.1.1.jar:5.1.1]
	at org.elasticsearch.bootstrap.Elasticsearch.init(Elasticsearch.java:121) [elasticsearch-5.1.1.jar:5.1.1]
	at org.elasticsearch.bootstrap.Elasticsearch.execute(Elasticsearch.java:112) [elasticsearch-5.1.1.jar:5.1.1]
	at org.elasticsearch.cli.SettingCommand.execute(SettingCommand.java:54) [elasticsearch-5.1.1.jar:5.1.1]
	at org.elasticsearch.cli.Command.mainWithoutErrorHandling(Command.java:96) [elasticsearch-5.1.1.jar:5.1.1]
	at org.elasticsearch.cli.Command.main(Command.java:62) [elasticsearch-5.1.1.jar:5.1.1]
	at org.elasticsearch.bootstrap.Elasticsearch.main(Elasticsearch.java:89) [elasticsearch-5.1.1.jar:5.1.1]
	at org.elasticsearch.bootstrap.Elasticsearch.main(Elasticsearch.java:82) [elasticsearch-5.1.1.jar:5.1.1]
[2017-04-30T11:44:00,368][WARN ][o.e.b.ElasticsearchUncaughtExceptionHandler] [] uncaught exception in thread [main]
org.elasticsearch.bootstrap.StartupException: java.lang.IllegalStateException: failed to obtain node locks, tried [[/home/moorthy/Documents/Files/coursematch/elasticsearch-5.1.1/data/elasticsearch]] with lock id [0]; maybe these locations are not writable or multiple nodes were started without increasing [node.max_local_storage_nodes] (was [1])?
	at org.elasticsearch.bootstrap.Elasticsearch.init(Elasticsearch.java:125) ~[elasticsearch-5.1.1.jar:5.1.1]
	at org.elasticsearch.bootstrap.Elasticsearch.execute(Elasticsearch.java:112) ~[elasticsearch-5.1.1.jar:5.1.1]
	at org.elasticsearch.cli.SettingCommand.execute(SettingCommand.java:54) ~[elasticsearch-5.1.1.jar:5.1.1]
	at org.elasticsearch.cli.Command.mainWithoutErrorHandling(Command.java:96) ~[elasticsearch-5.1.1.jar:5.1.1]
	at org.elasticsearch.cli.Command.main(Command.java:62) ~[elasticsearch-5.1.1.jar:5.1.1]
	at org.elasticsearch.bootstrap.Elasticsearch.main(Elasticsearch.java:89) ~[elasticsearch-5.1.1.jar:5.1.1]
	at org.elasticsearch.bootstrap.Elasticsearch.main(Elasticsearch.java:82) ~[elasticsearch-5.1.1.jar:5.1.1]
Caused by: java.lang.IllegalStateException: failed to obtain node locks, tried [[/home/moorthy/Documents/Files/coursematch/elasticsearch-5.1.1/data/elasticsearch]] with lock id [0]; maybe these locations are not writable or multiple nodes were started without increasing [node.max_local_storage_nodes] (was [1])?
	at org.elasticsearch.env.NodeEnvironment.<init>(NodeEnvironment.java:259) ~[elasticsearch-5.1.1.jar:5.1.1]
	at org.elasticsearch.node.Node.<init>(Node.java:249) ~[elasticsearch-5.1.1.jar:5.1.1]
	at org.elasticsearch.node.Node.<init>(Node.java:229) ~[elasticsearch-5.1.1.jar:5.1.1]
	at org.elasticsearch.bootstrap.Bootstrap$6.<init>(Bootstrap.java:214) ~[elasticsearch-5.1.1.jar:5.1.1]
	at org.elasticsearch.bootstrap.Bootstrap.setup(Bootstrap.java:214) ~[elasticsearch-5.1.1.jar:5.1.1]
	at org.elasticsearch.bootstrap.Bootstrap.init(Bootstrap.java:306) ~[elasticsearch-5.1.1.jar:5.1.1]
	at org.elasticsearch.bootstrap.Elasticsearch.init(Elasticsearch.java:121) ~[elasticsearch-5.1.1.jar:5.1.1]
	... 6 more
[2017-04-30T11:51:36,162][INFO ][o.e.n.Node               ] [] initializing ...
[2017-04-30T11:51:36,198][ERROR][o.e.b.Bootstrap          ] Exception
java.lang.IllegalStateException: failed to obtain node locks, tried [[/home/moorthy/Documents/Files/coursematch/elasticsearch-5.1.1/data/elasticsearch]] with lock id [0]; maybe these locations are not writable or multiple nodes were started without increasing [node.max_local_storage_nodes] (was [1])?
	at org.elasticsearch.env.NodeEnvironment.<init>(NodeEnvironment.java:259) ~[elasticsearch-5.1.1.jar:5.1.1]
	at org.elasticsearch.node.Node.<init>(Node.java:249) ~[elasticsearch-5.1.1.jar:5.1.1]
	at org.elasticsearch.node.Node.<init>(Node.java:229) ~[elasticsearch-5.1.1.jar:5.1.1]
	at org.elasticsearch.bootstrap.Bootstrap$6.<init>(Bootstrap.java:214) ~[elasticsearch-5.1.1.jar:5.1.1]
	at org.elasticsearch.bootstrap.Bootstrap.setup(Bootstrap.java:214) ~[elasticsearch-5.1.1.jar:5.1.1]
	at org.elasticsearch.bootstrap.Bootstrap.init(Bootstrap.java:306) [elasticsearch-5.1.1.jar:5.1.1]
	at org.elasticsearch.bootstrap.Elasticsearch.init(Elasticsearch.java:121) [elasticsearch-5.1.1.jar:5.1.1]
	at org.elasticsearch.bootstrap.Elasticsearch.execute(Elasticsearch.java:112) [elasticsearch-5.1.1.jar:5.1.1]
	at org.elasticsearch.cli.SettingCommand.execute(SettingCommand.java:54) [elasticsearch-5.1.1.jar:5.1.1]
	at org.elasticsearch.cli.Command.mainWithoutErrorHandling(Command.java:96) [elasticsearch-5.1.1.jar:5.1.1]
	at org.elasticsearch.cli.Command.main(Command.java:62) [elasticsearch-5.1.1.jar:5.1.1]
	at org.elasticsearch.bootstrap.Elasticsearch.main(Elasticsearch.java:89) [elasticsearch-5.1.1.jar:5.1.1]
	at org.elasticsearch.bootstrap.Elasticsearch.main(Elasticsearch.java:82) [elasticsearch-5.1.1.jar:5.1.1]
[2017-04-30T11:51:36,204][WARN ][o.e.b.ElasticsearchUncaughtExceptionHandler] [] uncaught exception in thread [main]
org.elasticsearch.bootstrap.StartupException: java.lang.IllegalStateException: failed to obtain node locks, tried [[/home/moorthy/Documents/Files/coursematch/elasticsearch-5.1.1/data/elasticsearch]] with lock id [0]; maybe these locations are not writable or multiple nodes were started without increasing [node.max_local_storage_nodes] (was [1])?
	at org.elasticsearch.bootstrap.Elasticsearch.init(Elasticsearch.java:125) ~[elasticsearch-5.1.1.jar:5.1.1]
	at org.elasticsearch.bootstrap.Elasticsearch.execute(Elasticsearch.java:112) ~[elasticsearch-5.1.1.jar:5.1.1]
	at org.elasticsearch.cli.SettingCommand.execute(SettingCommand.java:54) ~[elasticsearch-5.1.1.jar:5.1.1]
	at org.elasticsearch.cli.Command.mainWithoutErrorHandling(Command.java:96) ~[elasticsearch-5.1.1.jar:5.1.1]
	at org.elasticsearch.cli.Command.main(Command.java:62) ~[elasticsearch-5.1.1.jar:5.1.1]
	at org.elasticsearch.bootstrap.Elasticsearch.main(Elasticsearch.java:89) ~[elasticsearch-5.1.1.jar:5.1.1]
	at org.elasticsearch.bootstrap.Elasticsearch.main(Elasticsearch.java:82) ~[elasticsearch-5.1.1.jar:5.1.1]
Caused by: java.lang.IllegalStateException: failed to obtain node locks, tried [[/home/moorthy/Documents/Files/coursematch/elasticsearch-5.1.1/data/elasticsearch]] with lock id [0]; maybe these locations are not writable or multiple nodes were started without increasing [node.max_local_storage_nodes] (was [1])?
	at org.elasticsearch.env.NodeEnvironment.<init>(NodeEnvironment.java:259) ~[elasticsearch-5.1.1.jar:5.1.1]
	at org.elasticsearch.node.Node.<init>(Node.java:249) ~[elasticsearch-5.1.1.jar:5.1.1]
	at org.elasticsearch.node.Node.<init>(Node.java:229) ~[elasticsearch-5.1.1.jar:5.1.1]
	at org.elasticsearch.bootstrap.Bootstrap$6.<init>(Bootstrap.java:214) ~[elasticsearch-5.1.1.jar:5.1.1]
	at org.elasticsearch.bootstrap.Bootstrap.setup(Bootstrap.java:214) ~[elasticsearch-5.1.1.jar:5.1.1]
	at org.elasticsearch.bootstrap.Bootstrap.init(Bootstrap.java:306) ~[elasticsearch-5.1.1.jar:5.1.1]
	at org.elasticsearch.bootstrap.Elasticsearch.init(Elasticsearch.java:121) ~[elasticsearch-5.1.1.jar:5.1.1]
	... 6 more
[2017-04-30T11:58:34,455][INFO ][o.e.n.Node               ] [] initializing ...
[2017-04-30T11:58:34,489][ERROR][o.e.b.Bootstrap          ] Exception
java.lang.IllegalStateException: failed to obtain node locks, tried [[/home/moorthy/Documents/Files/coursematch/elasticsearch-5.1.1/data/elasticsearch]] with lock id [0]; maybe these locations are not writable or multiple nodes were started without increasing [node.max_local_storage_nodes] (was [1])?
	at org.elasticsearch.env.NodeEnvironment.<init>(NodeEnvironment.java:259) ~[elasticsearch-5.1.1.jar:5.1.1]
	at org.elasticsearch.node.Node.<init>(Node.java:249) ~[elasticsearch-5.1.1.jar:5.1.1]
	at org.elasticsearch.node.Node.<init>(Node.java:229) ~[elasticsearch-5.1.1.jar:5.1.1]
	at org.elasticsearch.bootstrap.Bootstrap$6.<init>(Bootstrap.java:214) ~[elasticsearch-5.1.1.jar:5.1.1]
	at org.elasticsearch.bootstrap.Bootstrap.setup(Bootstrap.java:214) ~[elasticsearch-5.1.1.jar:5.1.1]
	at org.elasticsearch.bootstrap.Bootstrap.init(Bootstrap.java:306) [elasticsearch-5.1.1.jar:5.1.1]
	at org.elasticsearch.bootstrap.Elasticsearch.init(Elasticsearch.java:121) [elasticsearch-5.1.1.jar:5.1.1]
	at org.elasticsearch.bootstrap.Elasticsearch.execute(Elasticsearch.java:112) [elasticsearch-5.1.1.jar:5.1.1]
	at org.elasticsearch.cli.SettingCommand.execute(SettingCommand.java:54) [elasticsearch-5.1.1.jar:5.1.1]
	at org.elasticsearch.cli.Command.mainWithoutErrorHandling(Command.java:96) [elasticsearch-5.1.1.jar:5.1.1]
	at org.elasticsearch.cli.Command.main(Command.java:62) [elasticsearch-5.1.1.jar:5.1.1]
	at org.elasticsearch.bootstrap.Elasticsearch.main(Elasticsearch.java:89) [elasticsearch-5.1.1.jar:5.1.1]
	at org.elasticsearch.bootstrap.Elasticsearch.main(Elasticsearch.java:82) [elasticsearch-5.1.1.jar:5.1.1]
[2017-04-30T11:58:34,496][WARN ][o.e.b.ElasticsearchUncaughtExceptionHandler] [] uncaught exception in thread [main]
org.elasticsearch.bootstrap.StartupException: java.lang.IllegalStateException: failed to obtain node locks, tried [[/home/moorthy/Documents/Files/coursematch/elasticsearch-5.1.1/data/elasticsearch]] with lock id [0]; maybe these locations are not writable or multiple nodes were started without increasing [node.max_local_storage_nodes] (was [1])?
	at org.elasticsearch.bootstrap.Elasticsearch.init(Elasticsearch.java:125) ~[elasticsearch-5.1.1.jar:5.1.1]
	at org.elasticsearch.bootstrap.Elasticsearch.execute(Elasticsearch.java:112) ~[elasticsearch-5.1.1.jar:5.1.1]
	at org.elasticsearch.cli.SettingCommand.execute(SettingCommand.java:54) ~[elasticsearch-5.1.1.jar:5.1.1]
	at org.elasticsearch.cli.Command.mainWithoutErrorHandling(Command.java:96) ~[elasticsearch-5.1.1.jar:5.1.1]
	at org.elasticsearch.cli.Command.main(Command.java:62) ~[elasticsearch-5.1.1.jar:5.1.1]
	at org.elasticsearch.bootstrap.Elasticsearch.main(Elasticsearch.java:89) ~[elasticsearch-5.1.1.jar:5.1.1]
	at org.elasticsearch.bootstrap.Elasticsearch.main(Elasticsearch.java:82) ~[elasticsearch-5.1.1.jar:5.1.1]
Caused by: java.lang.IllegalStateException: failed to obtain node locks, tried [[/home/moorthy/Documents/Files/coursematch/elasticsearch-5.1.1/data/elasticsearch]] with lock id [0]; maybe these locations are not writable or multiple nodes were started without increasing [node.max_local_storage_nodes] (was [1])?
	at org.elasticsearch.env.NodeEnvironment.<init>(NodeEnvironment.java:259) ~[elasticsearch-5.1.1.jar:5.1.1]
	at org.elasticsearch.node.Node.<init>(Node.java:249) ~[elasticsearch-5.1.1.jar:5.1.1]
	at org.elasticsearch.node.Node.<init>(Node.java:229) ~[elasticsearch-5.1.1.jar:5.1.1]
	at org.elasticsearch.bootstrap.Bootstrap$6.<init>(Bootstrap.java:214) ~[elasticsearch-5.1.1.jar:5.1.1]
	at org.elasticsearch.bootstrap.Bootstrap.setup(Bootstrap.java:214) ~[elasticsearch-5.1.1.jar:5.1.1]
	at org.elasticsearch.bootstrap.Bootstrap.init(Bootstrap.java:306) ~[elasticsearch-5.1.1.jar:5.1.1]
	at org.elasticsearch.bootstrap.Elasticsearch.init(Elasticsearch.java:121) ~[elasticsearch-5.1.1.jar:5.1.1]
	... 6 more
[2017-04-30T12:00:00,253][INFO ][o.e.n.Node               ] [] initializing ...
[2017-04-30T12:00:00,287][ERROR][o.e.b.Bootstrap          ] Exception
java.lang.IllegalStateException: failed to obtain node locks, tried [[/home/moorthy/Documents/Files/coursematch/elasticsearch-5.1.1/data/elasticsearch]] with lock id [0]; maybe these locations are not writable or multiple nodes were started without increasing [node.max_local_storage_nodes] (was [1])?
	at org.elasticsearch.env.NodeEnvironment.<init>(NodeEnvironment.java:259) ~[elasticsearch-5.1.1.jar:5.1.1]
	at org.elasticsearch.node.Node.<init>(Node.java:249) ~[elasticsearch-5.1.1.jar:5.1.1]
	at org.elasticsearch.node.Node.<init>(Node.java:229) ~[elasticsearch-5.1.1.jar:5.1.1]
	at org.elasticsearch.bootstrap.Bootstrap$6.<init>(Bootstrap.java:214) ~[elasticsearch-5.1.1.jar:5.1.1]
	at org.elasticsearch.bootstrap.Bootstrap.setup(Bootstrap.java:214) ~[elasticsearch-5.1.1.jar:5.1.1]
	at org.elasticsearch.bootstrap.Bootstrap.init(Bootstrap.java:306) [elasticsearch-5.1.1.jar:5.1.1]
	at org.elasticsearch.bootstrap.Elasticsearch.init(Elasticsearch.java:121) [elasticsearch-5.1.1.jar:5.1.1]
	at org.elasticsearch.bootstrap.Elasticsearch.execute(Elasticsearch.java:112) [elasticsearch-5.1.1.jar:5.1.1]
	at org.elasticsearch.cli.SettingCommand.execute(SettingCommand.java:54) [elasticsearch-5.1.1.jar:5.1.1]
	at org.elasticsearch.cli.Command.mainWithoutErrorHandling(Command.java:96) [elasticsearch-5.1.1.jar:5.1.1]
	at org.elasticsearch.cli.Command.main(Command.java:62) [elasticsearch-5.1.1.jar:5.1.1]
	at org.elasticsearch.bootstrap.Elasticsearch.main(Elasticsearch.java:89) [elasticsearch-5.1.1.jar:5.1.1]
	at org.elasticsearch.bootstrap.Elasticsearch.main(Elasticsearch.java:82) [elasticsearch-5.1.1.jar:5.1.1]
[2017-04-30T12:00:00,293][WARN ][o.e.b.ElasticsearchUncaughtExceptionHandler] [] uncaught exception in thread [main]
org.elasticsearch.bootstrap.StartupException: java.lang.IllegalStateException: failed to obtain node locks, tried [[/home/moorthy/Documents/Files/coursematch/elasticsearch-5.1.1/data/elasticsearch]] with lock id [0]; maybe these locations are not writable or multiple nodes were started without increasing [node.max_local_storage_nodes] (was [1])?
	at org.elasticsearch.bootstrap.Elasticsearch.init(Elasticsearch.java:125) ~[elasticsearch-5.1.1.jar:5.1.1]
	at org.elasticsearch.bootstrap.Elasticsearch.execute(Elasticsearch.java:112) ~[elasticsearch-5.1.1.jar:5.1.1]
	at org.elasticsearch.cli.SettingCommand.execute(SettingCommand.java:54) ~[elasticsearch-5.1.1.jar:5.1.1]
	at org.elasticsearch.cli.Command.mainWithoutErrorHandling(Command.java:96) ~[elasticsearch-5.1.1.jar:5.1.1]
	at org.elasticsearch.cli.Command.main(Command.java:62) ~[elasticsearch-5.1.1.jar:5.1.1]
	at org.elasticsearch.bootstrap.Elasticsearch.main(Elasticsearch.java:89) ~[elasticsearch-5.1.1.jar:5.1.1]
	at org.elasticsearch.bootstrap.Elasticsearch.main(Elasticsearch.java:82) ~[elasticsearch-5.1.1.jar:5.1.1]
Caused by: java.lang.IllegalStateException: failed to obtain node locks, tried [[/home/moorthy/Documents/Files/coursematch/elasticsearch-5.1.1/data/elasticsearch]] with lock id [0]; maybe these locations are not writable or multiple nodes were started without increasing [node.max_local_storage_nodes] (was [1])?
	at org.elasticsearch.env.NodeEnvironment.<init>(NodeEnvironment.java:259) ~[elasticsearch-5.1.1.jar:5.1.1]
	at org.elasticsearch.node.Node.<init>(Node.java:249) ~[elasticsearch-5.1.1.jar:5.1.1]
	at org.elasticsearch.node.Node.<init>(Node.java:229) ~[elasticsearch-5.1.1.jar:5.1.1]
	at org.elasticsearch.bootstrap.Bootstrap$6.<init>(Bootstrap.java:214) ~[elasticsearch-5.1.1.jar:5.1.1]
	at org.elasticsearch.bootstrap.Bootstrap.setup(Bootstrap.java:214) ~[elasticsearch-5.1.1.jar:5.1.1]
	at org.elasticsearch.bootstrap.Bootstrap.init(Bootstrap.java:306) ~[elasticsearch-5.1.1.jar:5.1.1]
	at org.elasticsearch.bootstrap.Elasticsearch.init(Elasticsearch.java:121) ~[elasticsearch-5.1.1.jar:5.1.1]
	... 6 more
[2017-04-30T12:37:02,137][INFO ][o.e.n.Node               ] [] initializing ...
[2017-04-30T12:37:02,281][ERROR][o.e.b.Bootstrap          ] Exception
java.lang.IllegalStateException: failed to obtain node locks, tried [[/home/moorthy/Documents/Files/coursematch/elasticsearch-5.1.1/data/elasticsearch]] with lock id [0]; maybe these locations are not writable or multiple nodes were started without increasing [node.max_local_storage_nodes] (was [1])?
	at org.elasticsearch.env.NodeEnvironment.<init>(NodeEnvironment.java:259) ~[elasticsearch-5.1.1.jar:5.1.1]
	at org.elasticsearch.node.Node.<init>(Node.java:249) ~[elasticsearch-5.1.1.jar:5.1.1]
	at org.elasticsearch.node.Node.<init>(Node.java:229) ~[elasticsearch-5.1.1.jar:5.1.1]
	at org.elasticsearch.bootstrap.Bootstrap$6.<init>(Bootstrap.java:214) ~[elasticsearch-5.1.1.jar:5.1.1]
	at org.elasticsearch.bootstrap.Bootstrap.setup(Bootstrap.java:214) ~[elasticsearch-5.1.1.jar:5.1.1]
	at org.elasticsearch.bootstrap.Bootstrap.init(Bootstrap.java:306) [elasticsearch-5.1.1.jar:5.1.1]
	at org.elasticsearch.bootstrap.Elasticsearch.init(Elasticsearch.java:121) [elasticsearch-5.1.1.jar:5.1.1]
	at org.elasticsearch.bootstrap.Elasticsearch.execute(Elasticsearch.java:112) [elasticsearch-5.1.1.jar:5.1.1]
	at org.elasticsearch.cli.SettingCommand.execute(SettingCommand.java:54) [elasticsearch-5.1.1.jar:5.1.1]
	at org.elasticsearch.cli.Command.mainWithoutErrorHandling(Command.java:96) [elasticsearch-5.1.1.jar:5.1.1]
	at org.elasticsearch.cli.Command.main(Command.java:62) [elasticsearch-5.1.1.jar:5.1.1]
	at org.elasticsearch.bootstrap.Elasticsearch.main(Elasticsearch.java:89) [elasticsearch-5.1.1.jar:5.1.1]
	at org.elasticsearch.bootstrap.Elasticsearch.main(Elasticsearch.java:82) [elasticsearch-5.1.1.jar:5.1.1]
[2017-04-30T12:37:02,312][WARN ][o.e.b.ElasticsearchUncaughtExceptionHandler] [] uncaught exception in thread [main]
org.elasticsearch.bootstrap.StartupException: java.lang.IllegalStateException: failed to obtain node locks, tried [[/home/moorthy/Documents/Files/coursematch/elasticsearch-5.1.1/data/elasticsearch]] with lock id [0]; maybe these locations are not writable or multiple nodes were started without increasing [node.max_local_storage_nodes] (was [1])?
	at org.elasticsearch.bootstrap.Elasticsearch.init(Elasticsearch.java:125) ~[elasticsearch-5.1.1.jar:5.1.1]
	at org.elasticsearch.bootstrap.Elasticsearch.execute(Elasticsearch.java:112) ~[elasticsearch-5.1.1.jar:5.1.1]
	at org.elasticsearch.cli.SettingCommand.execute(SettingCommand.java:54) ~[elasticsearch-5.1.1.jar:5.1.1]
	at org.elasticsearch.cli.Command.mainWithoutErrorHandling(Command.java:96) ~[elasticsearch-5.1.1.jar:5.1.1]
	at org.elasticsearch.cli.Command.main(Command.java:62) ~[elasticsearch-5.1.1.jar:5.1.1]
	at org.elasticsearch.bootstrap.Elasticsearch.main(Elasticsearch.java:89) ~[elasticsearch-5.1.1.jar:5.1.1]
	at org.elasticsearch.bootstrap.Elasticsearch.main(Elasticsearch.java:82) ~[elasticsearch-5.1.1.jar:5.1.1]
Caused by: java.lang.IllegalStateException: failed to obtain node locks, tried [[/home/moorthy/Documents/Files/coursematch/elasticsearch-5.1.1/data/elasticsearch]] with lock id [0]; maybe these locations are not writable or multiple nodes were started without increasing [node.max_local_storage_nodes] (was [1])?
	at org.elasticsearch.env.NodeEnvironment.<init>(NodeEnvironment.java:259) ~[elasticsearch-5.1.1.jar:5.1.1]
	at org.elasticsearch.node.Node.<init>(Node.java:249) ~[elasticsearch-5.1.1.jar:5.1.1]
	at org.elasticsearch.node.Node.<init>(Node.java:229) ~[elasticsearch-5.1.1.jar:5.1.1]
	at org.elasticsearch.bootstrap.Bootstrap$6.<init>(Bootstrap.java:214) ~[elasticsearch-5.1.1.jar:5.1.1]
	at org.elasticsearch.bootstrap.Bootstrap.setup(Bootstrap.java:214) ~[elasticsearch-5.1.1.jar:5.1.1]
	at org.elasticsearch.bootstrap.Bootstrap.init(Bootstrap.java:306) ~[elasticsearch-5.1.1.jar:5.1.1]
	at org.elasticsearch.bootstrap.Elasticsearch.init(Elasticsearch.java:121) ~[elasticsearch-5.1.1.jar:5.1.1]
	... 6 more
